#
# There is insufficient memory for the Java Runtime Environment to continue.
# Native memory allocation (mmap) failed to map 100663296 bytes for G1 virtual space
# Possible reasons:
#   The system is out of physical RAM or swap space
#   The process is running with CompressedOops enabled, and the Java Heap may be blocking the growth of the native heap
# Possible solutions:
#   Reduce memory load on the system
#   Increase physical memory or swap space
#   Check if swap backing store is full
#   Decrease Java heap size (-Xmx/-Xms)
#   Decrease number of Java threads
#   Decrease Java thread stack sizes (-Xss)
#   Set larger code cache with -XX:ReservedCodeCacheSize=
#   JVM is running with Unscaled Compressed Oops mode in which the Java heap is
#     placed in the first 4GB address space. The Java Heap base address is the
#     maximum limit for the native heap growth. Please use -XX:HeapBaseMinAddress
#     to set the Java Heap base and to place the Java Heap above 4GB virtual address.
# This output file may be truncated or incomplete.
#
#  Out of Memory Error (os_windows.cpp:3536), pid=26136, tid=26200
#
# JRE version:  (19.0.2+7) (build )
# Java VM: Java HotSpot(TM) 64-Bit Server VM (19.0.2+7-44, mixed mode, sharing, tiered, compressed oops, compressed class ptrs, g1 gc, windows-amd64)
# No core dump will be written. Minidumps are not enabled by default on client versions of Windows
#

---------------  S U M M A R Y ------------

Command Line: -Dfile.encoding=UTF-8 -XX:+ShowCodeDetailsInExceptionMessages EBS.Contact

Host: AMD Ryzen 5 3500U with Radeon Vega Mobile Gfx  , 8 cores, 5G,  Windows 11 , 64 bit Build 22621 (10.0.22621.1344)
Time: Sun Apr  2 15:23:46 2023 India Standard Time elapsed time: 0.041175 seconds (0d 0h 0m 0s)

---------------  T H R E A D  ---------------

Current thread (0x0000024993a2aa80):  JavaThread "Unknown thread" [_thread_in_vm, id=26200, stack(0x000000c491300000,0x000000c491400000)]

Stack: [0x000000c491300000,0x000000c491400000]
Native frames: (J=compiled Java code, j=interpreted, Vv=VM code, C=native code)
V  [jvm.dll+0x6ee21a]
V  [jvm.dll+0x85765e]
V  [jvm.dll+0x85904e]
V  [jvm.dll+0x859703]
V  [jvm.dll+0x28298f]
V  [jvm.dll+0x6eb009]
V  [jvm.dll+0x6dfbaa]
V  [jvm.dll+0x3573f6]
V  [jvm.dll+0x35ee56]
V  [jvm.dll+0x3b541e]
V  [jvm.dll+0x3b564f]
V  [jvm.dll+0x32c9ea]
V  [jvm.dll+0x32d89e]
V  [jvm.dll+0x821780]
V  [jvm.dll+0x3c2661]
V  [jvm.dll+0x801f51]
V  [jvm.dll+0x44ae8f]
V  [jvm.dll+0x44c811]
C  [jli.dll+0x5287]
C  [ucrtbase.dll+0x29363]
C  [KERNEL32.DLL+0x126bd]
C  [ntdll.dll+0x5a9f8]


---------------  P R O C E S S  ---------------

Threads class SMR info:
_java_thread_list=0x00007fffc4ced048, length=0, elements={
}

Java Threads: ( => current thread )

Other Threads:
  0x0000024993a7dd10 WorkerThread "GC Thread#0" [stack: 0x000000c491400000,0x000000c491500000] [id=26204]
  0x0000024993a8adb0 ConcurrentGCThread "G1 Main Marker" [stack: 0x000000c491500000,0x000000c491600000] [id=26208]
  0x0000024993a8cf90 WorkerThread "G1 Conc#0" [stack: 0x000000c491600000,0x000000c491700000] [id=26212]

[error occurred during error reporting (printing all threads), id 0xc0000005, EXCEPTION_ACCESS_VIOLATION (0xc0000005) at pc=0x00007fffc44ad427]

VM state: not at safepoint (not fully initialized)

VM Mutex/Monitor currently owned by a thread:  ([mutex/lock_event])
[0x0000024993a263f0] Heap_lock - owner thread: 0x0000024993a2aa80

Heap address: 0x00000000a0e00000, size: 1522 MB, Compressed Oops mode: 32-bit

CDS archive(s) mapped at: [0x0000000000000000-0x0000000000000000-0x0000000000000000), size 0, SharedBaseAddress: 0x0000000800000000, ArchiveRelocationMode: 0.
Narrow klass base: 0x0000000000000000, Narrow klass shift: 0, Narrow klass range: 0x0

GC Precious Log:
 CardTable entry size: 512
 Card Set container configuration: InlinePtr #cards 5 size 8 Array Of Cards #cards 12 size 40 Howl #buckets 4 coarsen threshold 1843 Howl Bitmap #cards 512 size 80 coarsen threshold 460 Card regions per heap region 1 cards per card region 2048

Heap:
 garbage-first heap   total 0K, used 0K [0x00000000a0e00000, 0x0000000100000000)
  region size 1024K, 0 young (0K), 0 survivors (0K)

[error occurred during error reporting (printing heap information), id 0xc0000005, EXCEPTION_ACCESS_VIOLATION (0xc0000005) at pc=0x00007fffc48b6649]

GC Heap History (0 events):
No events

Dll operation events (1 events):
Event: 0.019 Loaded shared library C:\Program Files\Java\jdk-19\bin\java.dll

Deoptimization events (0 events):
No events

Classes loaded (0 events):
No events

Classes unloaded (0 events):
No events

Classes redefined (0 events):
No events

Internal exceptions (0 events):
No events

VM Operations (0 events):
No events

Events (0 events):
No events


Dynamic libraries:
0x00007ff708900000 - 0x00007ff708910000 	C:\Program Files\Java\jdk-19\bin\javaw.exe
0x00007ff82cbf0000 - 0x00007ff82ce04000 	C:\WINDOWS\SYSTEM32\ntdll.dll
0x00007ff82b590000 - 0x00007ff82b653000 	C:\WINDOWS\System32\KERNEL32.DLL
0x00007ff82a660000 - 0x00007ff82a9fc000 	C:\WINDOWS\System32\KERNELBASE.dll
0x00007ff82a540000 - 0x00007ff82a651000 	C:\WINDOWS\System32\ucrtbase.dll
0x00007ff823680000 - 0x00007ff823698000 	C:\Program Files\Java\jdk-19\bin\jli.dll
0x00007ff8237e0000 - 0x00007ff8237fb000 	C:\Program Files\Java\jdk-19\bin\VCRUNTIME140.dll
0x00007ff82b660000 - 0x00007ff82b70e000 	C:\WINDOWS\System32\ADVAPI32.dll
0x00007ff82c9a0000 - 0x00007ff82ca47000 	C:\WINDOWS\System32\msvcrt.dll
0x00007ff82bc70000 - 0x00007ff82bd14000 	C:\WINDOWS\System32\sechost.dll
0x00007ff82aa60000 - 0x00007ff82ab75000 	C:\WINDOWS\System32\RPCRT4.dll
0x00007ff82be50000 - 0x00007ff82bffd000 	C:\WINDOWS\System32\USER32.dll
0x00007ff82a150000 - 0x00007ff82a176000 	C:\WINDOWS\System32\win32u.dll
0x00007ff815650000 - 0x00007ff8158de000 	C:\WINDOWS\WinSxS\amd64_microsoft.windows.common-controls_6595b64144ccf1df_6.0.22621.608_none_a9444ca7c10bb01d\COMCTL32.dll
0x00007ff82bd20000 - 0x00007ff82bd49000 	C:\WINDOWS\System32\GDI32.dll
0x00007ff82a030000 - 0x00007ff82a143000 	C:\WINDOWS\System32\gdi32full.dll
0x00007ff82a240000 - 0x00007ff82a2da000 	C:\WINDOWS\System32\msvcp_win.dll
0x00007ff821640000 - 0x00007ff82164a000 	C:\WINDOWS\SYSTEM32\VERSION.dll
0x00007ff82ac30000 - 0x00007ff82ac61000 	C:\WINDOWS\System32\IMM32.DLL
0x00007ff8256d0000 - 0x00007ff8256dc000 	C:\Program Files\Java\jdk-19\bin\vcruntime140_1.dll
0x00007ff80ae00000 - 0x00007ff80ae8e000 	C:\Program Files\Java\jdk-19\bin\msvcp140.dll
0x00007fffc4170000 - 0x00007fffc4e30000 	C:\Program Files\Java\jdk-19\bin\server\jvm.dll
0x00007ff8228d0000 - 0x00007ff822904000 	C:\WINDOWS\SYSTEM32\WINMM.dll
0x00007ff8123f0000 - 0x00007ff8123f9000 	C:\WINDOWS\SYSTEM32\WSOCK32.dll
0x00007ff82af60000 - 0x00007ff82afd1000 	C:\WINDOWS\System32\WS2_32.dll
0x00007ff829080000 - 0x00007ff829098000 	C:\WINDOWS\SYSTEM32\kernel.appcore.dll
0x00007ff825640000 - 0x00007ff82564a000 	C:\Program Files\Java\jdk-19\bin\jimage.dll
0x00007ff827c70000 - 0x00007ff827e9e000 	C:\WINDOWS\SYSTEM32\DBGHELP.DLL
0x00007ff82afe0000 - 0x00007ff82b369000 	C:\WINDOWS\System32\combase.dll
0x00007ff82b710000 - 0x00007ff82b7e7000 	C:\WINDOWS\System32\OLEAUT32.dll
0x00007ff8172b0000 - 0x00007ff8172e2000 	C:\WINDOWS\SYSTEM32\dbgcore.DLL
0x00007ff82a350000 - 0x00007ff82a3cb000 	C:\WINDOWS\System32\bcryptPrimitives.dll
0x00007ff81cfd0000 - 0x00007ff81cff6000 	C:\Program Files\Java\jdk-19\bin\java.dll

dbghelp: loaded successfully - version: 4.0.5 - missing functions: none
symbol engine: initialized successfully - sym options: 0x614 - pdb path: .;C:\Program Files\Java\jdk-19\bin;C:\WINDOWS\SYSTEM32;C:\WINDOWS\WinSxS\amd64_microsoft.windows.common-controls_6595b64144ccf1df_6.0.22621.608_none_a9444ca7c10bb01d;C:\Program Files\Java\jdk-19\bin\server

VM Arguments:
jvm_args: -Dfile.encoding=UTF-8 -XX:+ShowCodeDetailsInExceptionMessages 
java_command: EBS.Contact
java_class_path (initial): C:\Users\Atharva JAgtap\Java Eclipse Workspace\ElectricityBillingSystem\bin;C:\Downloads\Downloads\mysql-connector-j-8.0.32.jar;C:\Downloads\Downloads\rs2xml.jar
Launcher Type: SUN_STANDARD

[Global flags]
     intx CICompilerCount                          = 4                                         {product} {ergonomic}
     uint ConcGCThreads                            = 2                                         {product} {ergonomic}
     uint G1ConcRefinementThreads                  = 8                                         {product} {ergonomic}
   size_t G1HeapRegionSize                         = 1048576                                   {product} {ergonomic}
    uintx GCDrainStackTargetSize                   = 64                                        {product} {ergonomic}
   size_t InitialHeapSize                          = 100663296                                 {product} {ergonomic}
   size_t MarkStackSize                            = 4194304                                   {product} {ergonomic}
   size_t MaxHeapSize                              = 1595932672                                {product} {ergonomic}
   size_t MinHeapDeltaBytes                        = 1048576                                   {product} {ergonomic}
   size_t MinHeapSize                              = 8388608                                   {product} {ergonomic}
    uintx NonNMethodCodeHeapSize                   = 5839372                                {pd product} {ergonomic}
    uintx NonProfiledCodeHeapSize                  = 122909434                              {pd product} {ergonomic}
    uintx ProfiledCodeHeapSize                     = 122909434                              {pd product} {ergonomic}
    uintx ReservedCodeCacheSize                    = 251658240                              {pd product} {ergonomic}
     bool SegmentedCodeCache                       = true                                      {product} {ergonomic}
     bool ShowCodeDetailsInExceptionMessages       = true                                   {manageable} {command line}
   size_t SoftMaxHeapSize                          = 1595932672                             {manageable} {ergonomic}
     bool UseCompressedClassPointers               = true                           {product lp64_product} {ergonomic}
     bool UseCompressedOops                        = true                           {product lp64_product} {ergonomic}
     bool UseG1GC                                  = true                                      {product} {ergonomic}
     bool UseLargePagesIndividualAllocation        = false                                  {pd product} {ergonomic}

Logging:
Log output configuration:
 #0: stdout all=warning uptime,level,tags foldmultilines=false
 #1: stderr all=off uptime,level,tags foldmultilines=false

Environment Variables:
JAVA_HOME=C:\Program Files\Java\jdk-19\bin
PATH=C:/eclipse//plugins/org.eclipse.justj.openjdk.hotspot.jre.full.win32.x86_64_17.0.6.v20230204-1729/jre/bin/server;C:/eclipse//plugins/org.eclipse.justj.openjdk.hotspot.jre.full.win32.x86_64_17.0.6.v20230204-1729/jre/bin;C:\Program Files\Common Files\Oracle\Java\javapath;C:\Program Files (x86)\Common Files\Oracle\Java\javapath;C:\WINDOWS\system32;C:\WINDOWS;C:\WINDOWS\System32\Wbem;C:\WINDOWS\System32\WindowsPowerShell\v1.0\;C:\WINDOWS\System32\OpenSSH\;C:\MiniGW\bin;C:\Program Files\Java\jdk-17.0.2;C:\Program Files\Java\jdk-18.0.2.1\bin;C:\Program Files\MySQL\MySQL Server 8.0\bin;C:\Program Files\MongoDB\Server\6.0\bin;C:\Program Files\Java\jdk-19\bin;C:\Program Files\Git\cmd;C:\Program Files\MySQL\MySQL Shell 8.0\bin\;C:\Users\Atharva JAgtap\AppData\Local\Microsoft\WindowsApps;C:\Users\Atharva JAgtap\AppData\Local\Programs\Microsoft VS Code\bin;C:\Program Files\MongoDB\Server\6.0\bin;;C:\eclipse;
USERNAME=Atharva JAgtap
OS=Windows_NT
PROCESSOR_IDENTIFIER=AMD64 Family 23 Model 24 Stepping 1, AuthenticAMD
TMP=C:\Users\ATHARV~1\AppData\Local\Temp
TEMP=C:\Users\ATHARV~1\AppData\Local\Temp



---------------  S Y S T E M  ---------------

OS:
 Windows 11 , 64 bit Build 22621 (10.0.22621.1344)
OS uptime: 1 days 20:51 hours

CPU: total 8 (initial active 8) (8 cores per cpu, 2 threads per core) family 23 model 24 stepping 1 microcode 0x0, cx8, cmov, fxsr, ht, mmx, 3dnowpref, sse, sse2, sse3, ssse3, sse4a, sse4.1, sse4.2, popcnt, lzcnt, tsc, tscinvbit, avx, avx2, aes, clmul, bmi1, bmi2, adx, sha, fma, vzeroupper, clflush, clflushopt, rdtscp

Memory: 4k page, system-wide physical 6082M (240M free)
TotalPageFile size 24514M (AvailPageFile size 43M)
current process WorkingSet (physical memory assigned to process): 12M, peak: 12M
current process commit charge ("private bytes"): 60M, peak: 156M

vm_info: Java HotSpot(TM) 64-Bit Server VM (19.0.2+7-44) for windows-amd64 JRE (19.0.2+7-44), built on 2022-11-30T18:02:09Z by "mach5one" with MS VC++ 17.1 (VS2022)

END.
